{"message":"Not Found","level":"error","timestamp":"2020-02-28 13:08:02"}
{"message":"Not Found","level":"error","timestamp":"2020-02-28 13:40:05"}
{"message":"C:\\Users\\ohhanjin\\Desktop\\ASSN2-github\\ASSN2-mysite\\views\\content.pug:38:73\n    36|                             img(src='/assets/notion.png')\n    37|                         | &nbsp;&nbsp;&nbsp;&nbsp;&nbsp;&nbsp;&nbsp;&nbsp;\n  > 38|                         a(href='/mail' onclick=\"window.open(this.href, \"_blank\",\"width=600, height=400\");return false;\" target=\"_blank\")\n--------------------------------------------------------------------------------^\n    39|                             img#email(src='/assets/email.png')\n    40|                 #skills\n    41|                     h1 SKILLS\n\nSyntax Error: Unexpected token","level":"error","timestamp":"2020-02-28 13:46:53"}
{"message":"C:\\Users\\ohhanjin\\Desktop\\ASSN2-github\\ASSN2-mysite\\views\\content.pug:38:73\n    36|                             img(src='/assets/notion.png')\n    37|                         | &nbsp;&nbsp;&nbsp;&nbsp;&nbsp;&nbsp;&nbsp;&nbsp;\n  > 38|                         a(href='/mail' onclick=\"window.open(this.href, \"_blanck\",\"width=600, height=400\");return false;\" target=\"_blank\")\n--------------------------------------------------------------------------------^\n    39|                             img#email(src='/assets/email.png')\n    40|                 #skills\n    41|                     h1 SKILLS\n\nSyntax Error: Unexpected token","level":"error","timestamp":"2020-02-28 13:47:02"}
{"message":"C:\\Users\\ohhanjin\\Desktop\\ASSN2-github\\ASSN2-mysite\\views\\content.pug:38:72\n    36|                             img(src='/assets/notion.png')\n    37|                         | &nbsp;&nbsp;&nbsp;&nbsp;&nbsp;&nbsp;&nbsp;&nbsp;\n  > 38|                         a(href='/mail' onclick=\"window.open(this.href,\"width=600, height=400\");return false;\" target=\"_blank\")\n-------------------------------------------------------------------------------^\n    39|                             img#email(src='/assets/email.png')\n    40|                 #skills\n    41|                     h1 SKILLS\n\nSyntax Error: Unexpected token","level":"error","timestamp":"2020-02-28 13:47:07"}
{"message":"C:\\Users\\ohhanjin\\Desktop\\ASSN2-github\\ASSN2-mysite\\views\\mail.pug:5:5\n\ninput is a self closing element: <input/> but contains nested content.","level":"error","timestamp":"2020-02-28 13:49:42"}
{"message":"Not Found","level":"error","timestamp":"2020-02-28 14:43:53"}
{"message":"Not Found","level":"error","timestamp":"2020-02-28 15:27:18"}
{"message":"Not Found","level":"error","timestamp":"2020-02-28 15:27:43"}
{"message":"Invalid login: 535-5.7.8 Username and Password not accepted. Learn more at\n535 5.7.8  https://support.google.com/mail/?p=BadCredentials r3sm1574756pfq.126 - gsmtp","level":"error","timestamp":"2020-02-28 16:09:13"}
{"message":"Email sent: 250 2.0.0 OK  1582874370 i5sm1377513pfg.40 - gsmtp","level":"info","timestamp":"2020-02-28 16:19:30"}
{"message":"Email sent: 250 2.0.0 OK  1582874469 d24sm10195812pfq.75 - gsmtp","level":"info","timestamp":"2020-02-28 16:21:08"}
{"message":"Email sent: 250 2.0.0 OK  1582874511 136sm9045567pgh.26 - gsmtp","level":"info","timestamp":"2020-02-28 16:21:50"}
{"message":"Email sent: 250 2.0.0 OK  1582874603 h2sm8923587pgv.40 - gsmtp","level":"info","timestamp":"2020-02-28 16:23:23"}
{"message":"Email sent: 250 2.0.0 OK  1582874635 w65sm5883619pfd.77 - gsmtp","level":"info","timestamp":"2020-02-28 16:23:54"}
{"message":"Email sent: 250 2.0.0 OK  1582874700 e17sm10071657pfm.12 - gsmtp","level":"info","timestamp":"2020-02-28 16:25:01"}
{"message":"Email sent: 250 2.0.0 OK  1582874712 q187sm9536070pfq.185 - gsmtp","level":"info","timestamp":"2020-02-28 16:25:12"}
{"message":"Email sent: 250 2.0.0 OK  1582874765 d14sm10244057pfq.117 - gsmtp","level":"info","timestamp":"2020-02-28 16:26:04"}
{"message":"Email sent: 250 2.0.0 OK  1582874835 q13sm10775420pfn.162 - gsmtp","level":"info","timestamp":"2020-02-28 16:27:14"}
{"message":"Email sent: 250 2.0.0 OK  1582874997 200sm9854489pfz.121 - gsmtp","level":"info","timestamp":"2020-02-28 16:29:57"}
{"message":"Email sent: 250 2.0.0 OK  1582875227 f13sm10331607pfk.64 - gsmtp","level":"info","timestamp":"2020-02-28 16:33:47"}
{"message":"Email sent: 250 2.0.0 OK  1582875265 v9sm1010602pja.26 - gsmtp","level":"info","timestamp":"2020-02-28 16:34:25"}
{"message":"Email sent: 250 2.0.0 OK  1582875294 b6sm9884438pfg.17 - gsmtp","level":"info","timestamp":"2020-02-28 16:34:54"}
